{"contracts/NftMarketplace.sol":{"l":{"58":19,"59":19,"60":1,"62":18,"65":13,"66":13,"67":1,"69":12,"76":22,"77":22,"78":22,"79":1,"81":21,"102":17,"103":1,"106":16,"107":16,"108":1,"110":15,"111":15,"123":8,"124":8,"125":1,"135":7,"138":7,"140":7,"145":7,"156":2,"157":2,"173":2,"174":2,"179":3,"180":3,"181":1,"183":2,"184":2,"185":2,"186":2,"193":2,"201":5},"path":"/Users/luobaixin/Desktop/solidity-project/hardhat-nft-maketplace-fcc/contracts/NftMarketplace.sol","s":{"1":19,"2":19,"3":13,"4":13,"5":22,"6":22,"7":22,"8":17,"9":16,"10":16,"11":15,"12":8,"13":8,"14":7,"15":7,"16":2,"17":2,"18":3,"19":3,"20":2,"21":2,"22":2,"23":2,"24":5},"b":{"1":[1,18],"2":[1,12],"3":[1,21],"4":[18,1],"5":[17,1],"6":[1,16],"7":[1,15],"8":[8,1],"9":[8,0],"10":[1,7],"11":[2,0],"12":[2,0],"13":[2,0],"14":[2,0],"15":[1,2],"16":[2,0]},"f":{"1":19,"2":13,"3":22,"4":17,"5":8,"6":2,"7":2,"8":3,"9":2,"10":5},"fnMap":{"1":{"name":"notListed","line":53,"loc":{"start":{"line":53,"column":4},"end":{"line":63,"column":4}}},"2":{"name":"isListed","line":64,"loc":{"start":{"line":64,"column":4},"end":{"line":70,"column":4}}},"3":{"name":"isOwner","line":71,"loc":{"start":{"line":71,"column":4},"end":{"line":82,"column":4}}},"4":{"name":"listItem","line":100,"loc":{"start":{"line":93,"column":4},"end":{"line":112,"column":4}}},"5":{"name":"buyItem","line":121,"loc":{"start":{"line":117,"column":4},"end":{"line":146,"column":4}}},"6":{"name":"cancelListIng","line":154,"loc":{"start":{"line":151,"column":4},"end":{"line":158,"column":4}}},"7":{"name":"updateListing","line":171,"loc":{"start":{"line":164,"column":4},"end":{"line":175,"column":4}}},"8":{"name":"withdrawProceeds","line":178,"loc":{"start":{"line":178,"column":4},"end":{"line":187,"column":4}}},"9":{"name":"getProceeds","line":192,"loc":{"start":{"line":192,"column":4},"end":{"line":194,"column":4}}},"10":{"name":"getListing","line":196,"loc":{"start":{"line":196,"column":4},"end":{"line":202,"column":4}}}},"statementMap":{"1":{"start":{"line":58,"column":8},"end":{"line":58,"column":64}},"2":{"start":{"line":59,"column":8},"end":{"line":59,"column":1817}},"3":{"start":{"line":65,"column":8},"end":{"line":65,"column":64}},"4":{"start":{"line":66,"column":8},"end":{"line":66,"column":2074}},"5":{"start":{"line":76,"column":8},"end":{"line":76,"column":41}},"6":{"start":{"line":77,"column":8},"end":{"line":77,"column":44}},"7":{"start":{"line":78,"column":8},"end":{"line":78,"column":2397}},"8":{"start":{"line":102,"column":8},"end":{"line":102,"column":3018}},"9":{"start":{"line":106,"column":8},"end":{"line":106,"column":41}},"10":{"start":{"line":107,"column":8},"end":{"line":107,"column":3258}},"11":{"start":{"line":111,"column":8},"end":{"line":111,"column":63}},"12":{"start":{"line":123,"column":8},"end":{"line":123,"column":67}},"13":{"start":{"line":124,"column":8},"end":{"line":124,"column":3889}},"14":{"start":{"line":140,"column":8},"end":{"line":140,"column":4522}},"15":{"start":{"line":145,"column":8},"end":{"line":145,"column":74}},"16":{"start":{"line":157,"column":8},"end":{"line":157,"column":58}},"17":{"start":{"line":174,"column":8},"end":{"line":174,"column":67}},"18":{"start":{"line":179,"column":8},"end":{"line":179,"column":49}},"19":{"start":{"line":180,"column":8},"end":{"line":180,"column":5890}},"20":{"start":{"line":184,"column":8},"end":{"line":184,"column":72}},"21":{"start":{"line":185,"column":8},"end":{"line":185,"column":45}},"22":{"start":{"line":186,"column":8},"end":{"line":186,"column":47}},"23":{"start":{"line":193,"column":8},"end":{"line":193,"column":33}},"24":{"start":{"line":201,"column":8},"end":{"line":201,"column":46}}},"branchMap":{"1":{"line":59,"type":"if","locations":[{"start":{"line":59,"column":8},"end":{"line":59,"column":8}},{"start":{"line":59,"column":8},"end":{"line":59,"column":8}}]},"2":{"line":66,"type":"if","locations":[{"start":{"line":66,"column":8},"end":{"line":66,"column":8}},{"start":{"line":66,"column":8},"end":{"line":66,"column":8}}]},"3":{"line":78,"type":"if","locations":[{"start":{"line":78,"column":8},"end":{"line":78,"column":8}},{"start":{"line":78,"column":8},"end":{"line":78,"column":8}}]},"4":{"line":99,"type":"if","locations":[{"start":{"line":99,"column":8},"end":{"line":99,"column":8}},{"start":{"line":99,"column":8},"end":{"line":99,"column":8}}]},"5":{"line":100,"type":"if","locations":[{"start":{"line":100,"column":8},"end":{"line":100,"column":8}},{"start":{"line":100,"column":8},"end":{"line":100,"column":8}}]},"6":{"line":102,"type":"if","locations":[{"start":{"line":102,"column":8},"end":{"line":102,"column":8}},{"start":{"line":102,"column":8},"end":{"line":102,"column":8}}]},"7":{"line":107,"type":"if","locations":[{"start":{"line":107,"column":8},"end":{"line":107,"column":8}},{"start":{"line":107,"column":8},"end":{"line":107,"column":8}}]},"8":{"line":120,"type":"if","locations":[{"start":{"line":120,"column":8},"end":{"line":120,"column":8}},{"start":{"line":120,"column":8},"end":{"line":120,"column":8}}]},"9":{"line":121,"type":"if","locations":[{"start":{"line":121,"column":8},"end":{"line":121,"column":8}},{"start":{"line":121,"column":8},"end":{"line":121,"column":8}}]},"10":{"line":124,"type":"if","locations":[{"start":{"line":124,"column":8},"end":{"line":124,"column":8}},{"start":{"line":124,"column":8},"end":{"line":124,"column":8}}]},"11":{"line":153,"type":"if","locations":[{"start":{"line":153,"column":8},"end":{"line":153,"column":8}},{"start":{"line":153,"column":8},"end":{"line":153,"column":8}}]},"12":{"line":154,"type":"if","locations":[{"start":{"line":154,"column":8},"end":{"line":154,"column":8}},{"start":{"line":154,"column":8},"end":{"line":154,"column":8}}]},"13":{"line":170,"type":"if","locations":[{"start":{"line":170,"column":8},"end":{"line":170,"column":8}},{"start":{"line":170,"column":8},"end":{"line":170,"column":8}}]},"14":{"line":171,"type":"if","locations":[{"start":{"line":171,"column":8},"end":{"line":171,"column":8}},{"start":{"line":171,"column":8},"end":{"line":171,"column":8}}]},"15":{"line":180,"type":"if","locations":[{"start":{"line":180,"column":8},"end":{"line":180,"column":8}},{"start":{"line":180,"column":8},"end":{"line":180,"column":8}}]},"16":{"line":185,"type":"if","locations":[{"start":{"line":185,"column":8},"end":{"line":185,"column":8}},{"start":{"line":185,"column":8},"end":{"line":185,"column":8}}]}}},"contracts/test/BasicNFT.sol":{"l":{"12":3,"16":18,"17":18,"18":18,"22":0,"28":0},"path":"/Users/luobaixin/Desktop/solidity-project/hardhat-nft-maketplace-fcc/contracts/test/BasicNFT.sol","s":{"1":18,"2":18,"3":0,"4":0},"b":{},"f":{"1":3,"2":18,"3":0,"4":0},"fnMap":{"1":{"name":"constructor","line":11,"loc":{"start":{"line":11,"column":4},"end":{"line":13,"column":4}}},"2":{"name":"mintNFT","line":15,"loc":{"start":{"line":15,"column":4},"end":{"line":19,"column":4}}},"3":{"name":"getTokenCounter","line":21,"loc":{"start":{"line":21,"column":4},"end":{"line":23,"column":4}}},"4":{"name":"tokenURI","line":25,"loc":{"start":{"line":25,"column":4},"end":{"line":29,"column":4}}}},"statementMap":{"1":{"start":{"line":16,"column":8},"end":{"line":16,"column":37}},"2":{"start":{"line":18,"column":8},"end":{"line":18,"column":22}},"3":{"start":{"line":22,"column":8},"end":{"line":22,"column":22}},"4":{"start":{"line":28,"column":8},"end":{"line":28,"column":24}}},"branchMap":{}}} 