TN:
SF:/Users/luobaixin/Desktop/solidity-project/hardhat-nft-maketplace-fcc/contracts/NftMarketplace.sol
FN:53,notListed
FN:64,isListed
FN:71,isOwner
FN:100,listItem
FN:121,buyItem
FN:154,cancelListIng
FN:171,updateListing
FN:178,withdrawProceeds
FN:192,getProceeds
FN:196,getListing
FNF:10
FNH:10
FNDA:19,notListed
FNDA:13,isListed
FNDA:22,isOwner
FNDA:17,listItem
FNDA:8,buyItem
FNDA:2,cancelListIng
FNDA:2,updateListing
FNDA:3,withdrawProceeds
FNDA:2,getProceeds
FNDA:5,getListing
DA:58,19
DA:59,19
DA:60,1
DA:62,18
DA:65,13
DA:66,13
DA:67,1
DA:69,12
DA:76,22
DA:77,22
DA:78,22
DA:79,1
DA:81,21
DA:102,17
DA:103,1
DA:106,16
DA:107,16
DA:108,1
DA:110,15
DA:111,15
DA:123,8
DA:124,8
DA:125,1
DA:135,7
DA:138,7
DA:140,7
DA:145,7
DA:156,2
DA:157,2
DA:173,2
DA:174,2
DA:179,3
DA:180,3
DA:181,1
DA:183,2
DA:184,2
DA:185,2
DA:186,2
DA:193,2
DA:201,5
LF:40
LH:40
BRDA:59,1,0,1
BRDA:59,1,1,18
BRDA:66,2,0,1
BRDA:66,2,1,12
BRDA:78,3,0,1
BRDA:78,3,1,21
BRDA:99,4,0,18
BRDA:99,4,1,1
BRDA:100,5,0,17
BRDA:100,5,1,1
BRDA:102,6,0,1
BRDA:102,6,1,16
BRDA:107,7,0,1
BRDA:107,7,1,15
BRDA:120,8,0,8
BRDA:120,8,1,1
BRDA:121,9,0,8
BRDA:121,9,1,0
BRDA:124,10,0,1
BRDA:124,10,1,7
BRDA:153,11,0,2
BRDA:153,11,1,0
BRDA:154,12,0,2
BRDA:154,12,1,0
BRDA:170,13,0,2
BRDA:170,13,1,0
BRDA:171,14,0,2
BRDA:171,14,1,0
BRDA:180,15,0,1
BRDA:180,15,1,2
BRDA:185,16,0,2
BRDA:185,16,1,0
BRF:32
BRH:26
end_of_record
TN:
SF:/Users/luobaixin/Desktop/solidity-project/hardhat-nft-maketplace-fcc/contracts/test/BasicNFT.sol
FN:11,constructor
FN:15,mintNFT
FN:21,getTokenCounter
FN:25,tokenURI
FNF:4
FNH:2
FNDA:3,constructor
FNDA:18,mintNFT
FNDA:0,getTokenCounter
FNDA:0,tokenURI
DA:12,3
DA:16,18
DA:17,18
DA:18,18
DA:22,0
DA:28,0
LF:6
LH:4
BRF:0
BRH:0
end_of_record
